<?xml version="1.0" encoding="UTF-8"?>
<testsuite xmlns:xsi="http://www.w3.org/2001/XMLSchema-instance" xsi:schemaLocation="https://maven.apache.org/surefire/maven-surefire-plugin/xsd/surefire-test-report.xsd" name="TestSuite" time="4.231" tests="6" errors="0" skipped="5" failures="1">
  <properties>
[...]
</properties>
  <testcase name="test" classname="evati.qa.tests.SmokeTest" time="3.374">
    <failure message="org.apache.http.conn.HttpHostConnectException: Connect to 0.0.0.0:4723 [/0.0.0.0] failed: Connection refused: connect&#10;Build info: version: &apos;3.0.1&apos;, revision: &apos;1969d75&apos;, time: &apos;2016-10-18 09:49:13 -0700&apos;&#10;System info: host: &apos;DESKTOP-A3I7VVI&apos;, ip: &apos;192.168.1.12&apos;, os.name: &apos;Windows 10&apos;, os.arch: &apos;amd64&apos;, os.version: &apos;10.0&apos;, java.version: &apos;1.8.0_151&apos;&#10;Driver info: driver.version: AndroidDriver" type="org.openqa.selenium.WebDriverException">org.openqa.selenium.WebDriverException: 
org.apache.http.conn.HttpHostConnectException: Connect to 0.0.0.0:4723 [/0.0.0.0] failed: Connection refused: connect
Build info: version: '3.0.1', revision: '1969d75', time: '2016-10-18 09:49:13 -0700'
System info: host: 'DESKTOP-A3I7VVI', ip: '192.168.1.12', os.name: 'Windows 10', os.arch: 'amd64', os.version: '10.0', java.version: '1.8.0_151'
Driver info: driver.version: AndroidDriver
Caused by: org.apache.http.conn.HttpHostConnectException: Connect to 0.0.0.0:4723 [/0.0.0.0] failed: Connection refused: connect
Caused by: java.net.ConnectException: Connection refused: connect
</failure>
    <system-err><![CDATA[Sep 14, 2018 5:24:02 PM org.openqa.selenium.remote.ProtocolHandshake createSession
INFO: Attempting bi-dialect session, assuming Postel's Law holds true on the remote end
log4j:WARN No appenders could be found for logger (org.apache.http.client.protocol.RequestAddCookies).
log4j:WARN Please initialize the log4j system properly.
log4j:WARN See http://logging.apache.org/log4j/1.2/faq.html#noconfig for more info.
]]></system-err>
  </testcase>
  <testcase name="beforeMethod" classname="evati.qa.tests.SmokeTest" time="0">
    <skipped/>
  </testcase>
  <testcase name="loginExistingUser" classname="evati.qa.tests.SmokeTest" time="0">
    <skipped/>
  </testcase>
  <testcase name="afterMethod" classname="evati.qa.tests.SmokeTest" time="0">
    <skipped/>
  </testcase>
  <testcase name="afterMainClass" classname="evati.qa.tests.SmokeTest" time="0">
    <skipped/>
  </testcase>
  <testcase name="afterMainTest" classname="evati.qa.tests.SmokeTest" time="0">
    <skipped/>
  </testcase>
</testsuite>